# JRE version: OpenJDK Runtime Environment (17.0.10) (build 17.0.10+0--11609105)
# Java VM: OpenJDK 64-Bit Server VM (17.0.10+0--11609105, mixed mode, tiered, compressed oops, compressed class ptrs, g1 gc, windows-amd64)
GC Precious Log:
 CPUs: 4 total, 4 available
 Memory: 8097M
 Large Page Support: Disabled
 NUMA Support: Disabled
 Compressed Oops: Enabled (32-bit)
 Heap Region Size: 1M
 Heap Min Capacity: 8M
 Heap Initial Capacity: 128M
 Heap Max Capacity: 2G
 Pre-touch: Disabled
 Parallel Workers: 4
 Concurrent Workers: 1
 Concurrent Refinement Workers: 4
 Periodic GC: Disabled
Heap:
 garbage-first heap   total 321536K, used 160577K [0x0000000080000000, 0x0000000100000000)
  region size 1024K, 10 young (10240K), 10 survivors (10240K)
 Metaspace       used 137466K, committed 138624K, reserved 1179648K
  class space    used 18966K, committed 19520K, reserved 1048576K
GC Heap History (20 events):
Event: 39.258 GC heap after
{Heap after GC invocations=37 (full 0):
 garbage-first heap   total 309248K, used 99524K [0x0000000080000000, 0x0000000100000000)
  region size 1024K, 7 young (7168K), 7 survivors (7168K)
 Metaspace       used 103419K, committed 104128K, reserved 1179648K
  class space    used 14312K, committed 14656K, reserved 1048576K
}
Event: 44.055 GC heap before
{Heap before GC invocations=37 (full 0):
 garbage-first heap   total 309248K, used 242884K [0x0000000080000000, 0x0000000100000000)
  region size 1024K, 148 young (151552K), 7 survivors (7168K)
 Metaspace       used 107277K, committed 108032K, reserved 1179648K
  class space    used 14882K, committed 15296K, reserved 1048576K
}
Event: 44.086 GC heap after
{Heap after GC invocations=38 (full 0):
 garbage-first heap   total 309248K, used 109416K [0x0000000080000000, 0x0000000100000000)
  region size 1024K, 17 young (17408K), 17 survivors (17408K)
 Metaspace       used 107277K, committed 108032K, reserved 1179648K
  class space    used 14882K, committed 15296K, reserved 1048576K
}
Event: 65.703 GC heap before
{Heap before GC invocations=38 (full 0):
 garbage-first heap   total 309248K, used 245608K [0x0000000080000000, 0x0000000100000000)
  region size 1024K, 151 young (154624K), 17 survivors (17408K)
 Metaspace       used 112535K, committed 113344K, reserved 1179648K
  class space    used 15628K, committed 16000K, reserved 1048576K
}
Event: 65.752 GC heap after
{Heap after GC invocations=39 (full 0):
 garbage-first heap   total 309248K, used 116210K [0x0000000080000000, 0x0000000100000000)
  region size 1024K, 17 young (17408K), 17 survivors (17408K)
 Metaspace       used 112535K, committed 113344K, reserved 1179648K
  class space    used 15628K, committed 16000K, reserved 1048576K
}
Event: 67.475 GC heap before
{Heap before GC invocations=39 (full 0):
 garbage-first heap   total 309248K, used 252402K [0x0000000080000000, 0x0000000100000000)
  region size 1024K, 146 young (149504K), 17 survivors (17408K)
 Metaspace       used 120112K, committed 121024K, reserved 1179648K
  class space    used 16630K, committed 17088K, reserved 1048576K
}
Event: 67.524 GC heap after
{Heap after GC invocations=40 (full 0):
 garbage-first heap   total 309248K, used 130886K [0x0000000080000000, 0x0000000100000000)
  region size 1024K, 19 young (19456K), 19 survivors (19456K)
 Metaspace       used 120112K, committed 121024K, reserved 1179648K
  class space    used 16630K, committed 17088K, reserved 1048576K
}
Event: 68.885 GC heap before
{Heap before GC invocations=40 (full 0):
 garbage-first heap   total 309248K, used 245574K [0x0000000080000000, 0x0000000100000000)
  region size 1024K, 132 young (135168K), 19 survivors (19456K)
 Metaspace       used 129092K, committed 130048K, reserved 1179648K
  class space    used 18008K, committed 18496K, reserved 1048576K
}
Event: 68.930 GC heap after
{Heap after GC invocations=41 (full 0):
 garbage-first heap   total 309248K, used 132501K [0x0000000080000000, 0x0000000100000000)
  region size 1024K, 6 young (6144K), 6 survivors (6144K)
 Metaspace       used 129092K, committed 130048K, reserved 1179648K
  class space    used 18008K, committed 18496K, reserved 1048576K
}
Event: 70.590 GC heap before
{Heap before GC invocations=41 (full 0):
 garbage-first heap   total 309248K, used 249237K [0x0000000080000000, 0x0000000100000000)
  region size 1024K, 121 young (123904K), 6 survivors (6144K)
 Metaspace       used 133620K, committed 134528K, reserved 1179648K
  class space    used 18608K, committed 19008K, reserved 1048576K
}
Event: 70.603 GC heap after
{Heap after GC invocations=42 (full 0):
 garbage-first heap   total 309248K, used 133320K [0x0000000080000000, 0x0000000100000000)
  region size 1024K, 7 young (7168K), 7 survivors (7168K)
 Metaspace       used 133620K, committed 134528K, reserved 1179648K
  class space    used 18608K, committed 19008K, reserved 1048576K
}
Event: 1201.941 GC heap before
{Heap before GC invocations=42 (full 0):
 garbage-first heap   total 309248K, used 268488K [0x0000000080000000, 0x0000000100000000)
  region size 1024K, 124 young (126976K), 7 survivors (7168K)
 Metaspace       used 135871K, committed 136896K, reserved 1179648K
  class space    used 18854K, committed 19392K, reserved 1048576K
}
Event: 1201.983 GC heap after
{Heap after GC invocations=43 (full 0):
 garbage-first heap   total 309248K, used 142090K [0x0000000080000000, 0x0000000100000000)
  region size 1024K, 15 young (15360K), 15 survivors (15360K)
 Metaspace       used 135871K, committed 136896K, reserved 1179648K
  class space    used 18854K, committed 19392K, reserved 1048576K
}
Event: 1208.837 GC heap before
{Heap before GC invocations=43 (full 0):
 garbage-first heap   total 309248K, used 250634K [0x0000000080000000, 0x0000000100000000)
  region size 1024K, 96 young (98304K), 15 survivors (15360K)
 Metaspace       used 136565K, committed 137536K, reserved 1179648K
  class space    used 18884K, committed 19392K, reserved 1048576K
}
Event: 1208.870 GC heap after
{Heap after GC invocations=44 (full 0):
 garbage-first heap   total 309248K, used 172813K [0x0000000080000000, 0x0000000100000000)
  region size 1024K, 4 young (4096K), 4 survivors (4096K)
 Metaspace       used 136565K, committed 137536K, reserved 1179648K
  class space    used 18884K, committed 19392K, reserved 1048576K
}
Event: 1221.514 GC heap before
{Heap before GC invocations=45 (full 0):
 garbage-first heap   total 321536K, used 291597K [0x0000000080000000, 0x0000000100000000)
  region size 1024K, 87 young (89088K), 4 survivors (4096K)
 Metaspace       used 136983K, committed 138048K, reserved 1179648K
  class space    used 18920K, committed 19456K, reserved 1048576K
}
Event: 1221.538 GC heap after
{Heap after GC invocations=46 (full 0):
 garbage-first heap   total 321536K, used 153957K [0x0000000080000000, 0x0000000100000000)
  region size 1024K, 11 young (11264K), 11 survivors (11264K)
 Metaspace       used 136983K, committed 138048K, reserved 1179648K
  class space    used 18920K, committed 19456K, reserved 1048576K
}
Event: 1221.601 GC heap before
{Heap before GC invocations=46 (full 0):
 garbage-first heap   total 321536K, used 158053K [0x0000000080000000, 0x0000000100000000)
  region size 1024K, 15 young (15360K), 11 survivors (11264K)
 Metaspace       used 137004K, committed 138112K, reserved 1179648K
  class space    used 18925K, committed 19456K, reserved 1048576K
}
Event: 1221.625 GC heap after
{Heap after GC invocations=47 (full 0):
 garbage-first heap   total 321536K, used 151874K [0x0000000080000000, 0x0000000100000000)
  region size 1024K, 2 young (2048K), 2 survivors (2048K)
 Metaspace       used 137004K, committed 138112K, reserved 1179648K
  class space    used 18925K, committed 19456K, reserved 1048576K
}
Event: 1229.514 GC heap before
{Heap before GC invocations=47 (full 0):
 garbage-first heap   total 321536K, used 307522K [0x0000000080000000, 0x0000000100000000)
  region size 1024K, 95 young (97280K), 2 survivors (2048K)
 Metaspace       used 137466K, committed 138624K, reserved 1179648K
  class space    used 18966K, committed 19520K, reserved 1048576K
}

