# JRE version: OpenJDK Runtime Environment (17.0.10) (build 17.0.10+0--11609105)
# Java VM: OpenJDK 64-Bit Server VM (17.0.10+0--11609105, mixed mode, tiered, compressed oops, compressed class ptrs, g1 gc, windows-amd64)
GC Precious Log:
 CPUs: 4 total, 4 available
 Memory: 8097M
 Large Page Support: Disabled
 NUMA Support: Disabled
 Compressed Oops: Enabled (32-bit)
 Heap Region Size: 1M
 Heap Min Capacity: 8M
 Heap Initial Capacity: 128M
 Heap Max Capacity: 2026M
 Pre-touch: Disabled
 Parallel Workers: 4
 Concurrent Workers: 1
 Concurrent Refinement Workers: 4
 Periodic GC: Disabled
Heap:
 garbage-first heap   total 135168K, used 73084K [0x0000000081600000, 0x0000000100000000)
  region size 1024K, 1 young (1024K), 1 survivors (1024K)
 Metaspace       used 85407K, committed 85824K, reserved 1179648K
  class space    used 9321K, committed 9536K, reserved 1048576K
GC Heap History (20 events):
Event: 10.160 GC heap after
{Heap after GC invocations=17 (full 0):
 garbage-first heap   total 112640K, used 49053K [0x0000000081600000, 0x0000000100000000)
  region size 1024K, 4 young (4096K), 4 survivors (4096K)
 Metaspace       used 58504K, committed 58752K, reserved 1114112K
  class space    used 6763K, committed 6848K, reserved 1048576K
}
Event: 11.759 GC heap before
{Heap before GC invocations=17 (full 0):
 garbage-first heap   total 112640K, used 86941K [0x0000000081600000, 0x0000000100000000)
  region size 1024K, 41 young (41984K), 4 survivors (4096K)
 Metaspace       used 60232K, committed 60544K, reserved 1114112K
  class space    used 6864K, committed 6976K, reserved 1048576K
}
Event: 11.784 GC heap after
{Heap after GC invocations=18 (full 0):
 garbage-first heap   total 112640K, used 53491K [0x0000000081600000, 0x0000000100000000)
  region size 1024K, 5 young (5120K), 5 survivors (5120K)
 Metaspace       used 60232K, committed 60544K, reserved 1114112K
  class space    used 6864K, committed 6976K, reserved 1048576K
}
Event: 11.928 GC heap before
{Heap before GC invocations=18 (full 0):
 garbage-first heap   total 112640K, used 56563K [0x0000000081600000, 0x0000000100000000)
  region size 1024K, 9 young (9216K), 5 survivors (5120K)
 Metaspace       used 60509K, committed 60736K, reserved 1114112K
  class space    used 6886K, committed 6976K, reserved 1048576K
}
Event: 11.943 GC heap after
{Heap after GC invocations=19 (full 0):
 garbage-first heap   total 112640K, used 54401K [0x0000000081600000, 0x0000000100000000)
  region size 1024K, 1 young (1024K), 1 survivors (1024K)
 Metaspace       used 60509K, committed 60736K, reserved 1114112K
  class space    used 6886K, committed 6976K, reserved 1048576K
}
Event: 12.892 GC heap before
{Heap before GC invocations=20 (full 0):
 garbage-first heap   total 112640K, used 86145K [0x0000000081600000, 0x0000000100000000)
  region size 1024K, 32 young (32768K), 1 survivors (1024K)
 Metaspace       used 66424K, committed 66752K, reserved 1114112K
  class space    used 7533K, committed 7680K, reserved 1048576K
}
Event: 12.900 GC heap after
{Heap after GC invocations=21 (full 0):
 garbage-first heap   total 112640K, used 56353K [0x0000000081600000, 0x0000000100000000)
  region size 1024K, 3 young (3072K), 3 survivors (3072K)
 Metaspace       used 66424K, committed 66752K, reserved 1114112K
  class space    used 7533K, committed 7680K, reserved 1048576K
}
Event: 12.979 GC heap before
{Heap before GC invocations=21 (full 0):
 garbage-first heap   total 112640K, used 58401K [0x0000000081600000, 0x0000000100000000)
  region size 1024K, 5 young (5120K), 3 survivors (3072K)
 Metaspace       used 66965K, committed 67328K, reserved 1114112K
  class space    used 7574K, committed 7744K, reserved 1048576K
}
Event: 12.991 GC heap after
{Heap after GC invocations=22 (full 0):
 garbage-first heap   total 135168K, used 56123K [0x0000000081600000, 0x0000000100000000)
  region size 1024K, 1 young (1024K), 1 survivors (1024K)
 Metaspace       used 66965K, committed 67328K, reserved 1114112K
  class space    used 7574K, committed 7744K, reserved 1048576K
}
Event: 14.506 GC heap before
{Heap before GC invocations=22 (full 0):
 garbage-first heap   total 135168K, used 101179K [0x0000000081600000, 0x0000000100000000)
  region size 1024K, 45 young (46080K), 1 survivors (1024K)
 Metaspace       used 70016K, committed 70336K, reserved 1114112K
  class space    used 7902K, committed 8064K, reserved 1048576K
}
Event: 14.523 GC heap after
{Heap after GC invocations=23 (full 0):
 garbage-first heap   total 135168K, used 63445K [0x0000000081600000, 0x0000000100000000)
  region size 1024K, 6 young (6144K), 6 survivors (6144K)
 Metaspace       used 70016K, committed 70336K, reserved 1114112K
  class space    used 7902K, committed 8064K, reserved 1048576K
}
Event: 16.024 GC heap before
{Heap before GC invocations=24 (full 0):
 garbage-first heap   total 135168K, used 103381K [0x0000000081600000, 0x0000000100000000)
  region size 1024K, 45 young (46080K), 6 survivors (6144K)
 Metaspace       used 79111K, committed 79488K, reserved 1179648K
  class space    used 8890K, committed 9088K, reserved 1048576K
}
Event: 16.038 GC heap after
{Heap after GC invocations=25 (full 0):
 garbage-first heap   total 135168K, used 66278K [0x0000000081600000, 0x0000000100000000)
  region size 1024K, 3 young (3072K), 3 survivors (3072K)
 Metaspace       used 79111K, committed 79488K, reserved 1179648K
  class space    used 8890K, committed 9088K, reserved 1048576K
}
Event: 16.147 GC heap before
{Heap before GC invocations=25 (full 0):
 garbage-first heap   total 135168K, used 69350K [0x0000000081600000, 0x0000000100000000)
  region size 1024K, 6 young (6144K), 3 survivors (3072K)
 Metaspace       used 79195K, committed 79552K, reserved 1179648K
  class space    used 8895K, committed 9088K, reserved 1048576K
}
Event: 16.157 GC heap after
{Heap after GC invocations=26 (full 0):
 garbage-first heap   total 135168K, used 66463K [0x0000000081600000, 0x0000000100000000)
  region size 1024K, 1 young (1024K), 1 survivors (1024K)
 Metaspace       used 79195K, committed 79552K, reserved 1179648K
  class space    used 8895K, committed 9088K, reserved 1048576K
}
Event: 17.561 GC heap before
{Heap before GC invocations=26 (full 0):
 garbage-first heap   total 135168K, used 105375K [0x0000000081600000, 0x0000000100000000)
  region size 1024K, 39 young (39936K), 1 survivors (1024K)
 Metaspace       used 84354K, committed 84736K, reserved 1179648K
  class space    used 9282K, committed 9472K, reserved 1048576K
}
Event: 17.577 GC heap after
{Heap after GC invocations=27 (full 0):
 garbage-first heap   total 135168K, used 69389K [0x0000000081600000, 0x0000000100000000)
  region size 1024K, 4 young (4096K), 4 survivors (4096K)
 Metaspace       used 84354K, committed 84736K, reserved 1179648K
  class space    used 9282K, committed 9472K, reserved 1048576K
}
Event: 18.880 GC heap before
{Heap before GC invocations=28 (full 0):
 garbage-first heap   total 135168K, used 107277K [0x0000000081600000, 0x0000000100000000)
  region size 1024K, 41 young (41984K), 4 survivors (4096K)
 Metaspace       used 85396K, committed 85824K, reserved 1179648K
  class space    used 9320K, committed 9536K, reserved 1048576K
}
Event: 18.893 GC heap after
{Heap after GC invocations=29 (full 0):
 garbage-first heap   total 135168K, used 73187K [0x0000000081600000, 0x0000000100000000)
  region size 1024K, 4 young (4096K), 4 survivors (4096K)
 Metaspace       used 85396K, committed 85824K, reserved 1179648K
  class space    used 9320K, committed 9536K, reserved 1048576K
}
Event: 18.915 GC heap before
{Heap before GC invocations=29 (full 0):
 garbage-first heap   total 135168K, used 75235K [0x0000000081600000, 0x0000000100000000)
  region size 1024K, 6 young (6144K), 4 survivors (4096K)
 Metaspace       used 85407K, committed 85824K, reserved 1179648K
  class space    used 9321K, committed 9536K, reserved 1048576K
}

