# JRE version: OpenJDK Runtime Environment (17.0.10) (build 17.0.10+0--11609105)
# Java VM: OpenJDK 64-Bit Server VM (17.0.10+0--11609105, mixed mode, tiered, compressed oops, compressed class ptrs, g1 gc, windows-amd64)
GC Precious Log:
 CPUs: 4 total, 4 available
 Memory: 8097M
 Large Page Support: Disabled
 NUMA Support: Disabled
 Compressed Oops: Enabled (32-bit)
 Heap Region Size: 1M
 Heap Min Capacity: 8M
 Heap Initial Capacity: 128M
 Heap Max Capacity: 2G
 Pre-touch: Disabled
 Parallel Workers: 4
 Concurrent Workers: 1
 Concurrent Refinement Workers: 4
 Periodic GC: Disabled
Heap:
 garbage-first heap   total 218112K, used 121806K [0x0000000080000000, 0x0000000100000000)
  region size 1024K, 25 young (25600K), 4 survivors (4096K)
 Metaspace       used 129278K, committed 130304K, reserved 1179648K
  class space    used 17875K, committed 18368K, reserved 1048576K
GC Heap History (20 events):
Event: 57.369 GC heap before
{Heap before GC invocations=39 (full 0):
 garbage-first heap   total 218112K, used 178741K [0x0000000080000000, 0x0000000100000000)
  region size 1024K, 71 young (72704K), 5 survivors (5120K)
 Metaspace       used 115397K, committed 116288K, reserved 1179648K
  class space    used 16033K, committed 16448K, reserved 1048576K
}
Event: 57.378 GC heap after
{Heap after GC invocations=40 (full 0):
 garbage-first heap   total 218112K, used 113726K [0x0000000080000000, 0x0000000100000000)
  region size 1024K, 7 young (7168K), 7 survivors (7168K)
 Metaspace       used 115397K, committed 116288K, reserved 1179648K
  class space    used 16033K, committed 16448K, reserved 1048576K
}
Event: 58.616 GC heap before
{Heap before GC invocations=40 (full 0):
 garbage-first heap   total 218112K, used 180286K [0x0000000080000000, 0x0000000100000000)
  region size 1024K, 73 young (74752K), 7 survivors (7168K)
 Metaspace       used 123271K, committed 124160K, reserved 1179648K
  class space    used 17341K, committed 17792K, reserved 1048576K
}
Event: 58.630 GC heap after
{Heap after GC invocations=41 (full 0):
 garbage-first heap   total 218112K, used 115296K [0x0000000080000000, 0x0000000100000000)
  region size 1024K, 4 young (4096K), 4 survivors (4096K)
 Metaspace       used 123271K, committed 124160K, reserved 1179648K
  class space    used 17341K, committed 17792K, reserved 1048576K
}
Event: 140.370 GC heap before
{Heap before GC invocations=41 (full 0):
 garbage-first heap   total 218112K, used 198240K [0x0000000080000000, 0x0000000100000000)
  region size 1024K, 70 young (71680K), 4 survivors (4096K)
 Metaspace       used 126499K, committed 127360K, reserved 1179648K
  class space    used 17765K, committed 18176K, reserved 1048576K
}
Event: 140.386 GC heap after
{Heap after GC invocations=42 (full 0):
 garbage-first heap   total 218112K, used 120415K [0x0000000080000000, 0x0000000100000000)
  region size 1024K, 9 young (9216K), 9 survivors (9216K)
 Metaspace       used 126499K, committed 127360K, reserved 1179648K
  class space    used 17765K, committed 18176K, reserved 1048576K
}
Event: 142.514 GC heap before
{Heap before GC invocations=42 (full 0):
 garbage-first heap   total 218112K, used 181855K [0x0000000080000000, 0x0000000100000000)
  region size 1024K, 70 young (71680K), 9 survivors (9216K)
 Metaspace       used 127274K, committed 128192K, reserved 1179648K
  class space    used 17795K, committed 18240K, reserved 1048576K
}
Event: 142.555 GC heap after
{Heap after GC invocations=43 (full 0):
 garbage-first heap   total 218112K, used 127133K [0x0000000080000000, 0x0000000100000000)
  region size 1024K, 8 young (8192K), 8 survivors (8192K)
 Metaspace       used 127274K, committed 128192K, reserved 1179648K
  class space    used 17795K, committed 18240K, reserved 1048576K
}
Event: 254.149 GC heap before
{Heap before GC invocations=43 (full 0):
 garbage-first heap   total 218112K, used 195741K [0x0000000080000000, 0x0000000100000000)
  region size 1024K, 59 young (60416K), 8 survivors (8192K)
 Metaspace       used 128000K, committed 128960K, reserved 1179648K
  class space    used 17831K, committed 18304K, reserved 1048576K
}
Event: 254.162 GC heap after
{Heap after GC invocations=44 (full 0):
 garbage-first heap   total 218112K, used 129123K [0x0000000080000000, 0x0000000100000000)
  region size 1024K, 3 young (3072K), 3 survivors (3072K)
 Metaspace       used 128000K, committed 128960K, reserved 1179648K
  class space    used 17831K, committed 18304K, reserved 1048576K
}
Event: 256.322 GC heap before
{Heap before GC invocations=44 (full 0):
 garbage-first heap   total 218112K, used 182371K [0x0000000080000000, 0x0000000100000000)
  region size 1024K, 55 young (56320K), 3 survivors (3072K)
 Metaspace       used 128289K, committed 129216K, reserved 1179648K
  class space    used 17836K, committed 18304K, reserved 1048576K
}
Event: 256.343 GC heap after
{Heap after GC invocations=45 (full 0):
 garbage-first heap   total 218112K, used 137280K [0x0000000080000000, 0x0000000100000000)
  region size 1024K, 7 young (7168K), 7 survivors (7168K)
 Metaspace       used 128289K, committed 129216K, reserved 1179648K
  class space    used 17836K, committed 18304K, reserved 1048576K
}
Event: 260.871 GC heap before
{Heap before GC invocations=45 (full 0):
 garbage-first heap   total 218112K, used 180288K [0x0000000080000000, 0x0000000100000000)
  region size 1024K, 50 young (51200K), 7 survivors (7168K)
 Metaspace       used 128710K, committed 129728K, reserved 1179648K
  class space    used 17858K, committed 18368K, reserved 1048576K
}
Event: 260.886 GC heap after
{Heap after GC invocations=46 (full 0):
 garbage-first heap   total 218112K, used 140173K [0x0000000080000000, 0x0000000100000000)
  region size 1024K, 3 young (3072K), 3 survivors (3072K)
 Metaspace       used 128710K, committed 129728K, reserved 1179648K
  class space    used 17858K, committed 18368K, reserved 1048576K
}
Event: 1787.148 GC heap before
{Heap before GC invocations=46 (full 0):
 garbage-first heap   total 218112K, used 197517K [0x0000000080000000, 0x0000000100000000)
  region size 1024K, 44 young (45056K), 3 survivors (3072K)
 Metaspace       used 128960K, committed 129984K, reserved 1179648K
  class space    used 17862K, committed 18368K, reserved 1048576K
}
Event: 1787.174 GC heap after
{Heap after GC invocations=47 (full 0):
 garbage-first heap   total 218112K, used 139887K [0x0000000080000000, 0x0000000100000000)
  region size 1024K, 3 young (3072K), 3 survivors (3072K)
 Metaspace       used 128960K, committed 129984K, reserved 1179648K
  class space    used 17862K, committed 18368K, reserved 1048576K
}
Event: 3628.758 GC heap before
{Heap before GC invocations=47 (full 0):
 garbage-first heap   total 218112K, used 174703K [0x0000000080000000, 0x0000000100000000)
  region size 1024K, 38 young (38912K), 3 survivors (3072K)
 Metaspace       used 129037K, committed 130112K, reserved 1179648K
  class space    used 17862K, committed 18368K, reserved 1048576K
}
Event: 3630.837 GC heap after
{Heap after GC invocations=48 (full 1):
 garbage-first heap   total 218112K, used 97653K [0x0000000080000000, 0x0000000100000000)
  region size 1024K, 0 young (0K), 0 survivors (0K)
 Metaspace       used 129034K, committed 130112K, reserved 1179648K
  class space    used 17862K, committed 18368K, reserved 1048576K
}
Event: 5857.085 GC heap before
{Heap before GC invocations=48 (full 1):
 garbage-first heap   total 218112K, used 175477K [0x0000000080000000, 0x0000000100000000)
  region size 1024K, 76 young (77824K), 0 survivors (0K)
 Metaspace       used 129117K, committed 130112K, reserved 1179648K
  class space    used 17866K, committed 18368K, reserved 1048576K
}
Event: 5857.105 GC heap after
{Heap after GC invocations=49 (full 1):
 garbage-first heap   total 218112K, used 101326K [0x0000000080000000, 0x0000000100000000)
  region size 1024K, 4 young (4096K), 4 survivors (4096K)
 Metaspace       used 129117K, committed 130112K, reserved 1179648K
  class space    used 17866K, committed 18368K, reserved 1048576K
}

