# JRE version: OpenJDK Runtime Environment (17.0.10) (build 17.0.10+0--11609105)
# Java VM: OpenJDK 64-Bit Server VM (17.0.10+0--11609105, mixed mode, tiered, compressed oops, compressed class ptrs, g1 gc, windows-amd64)
GC Precious Log:
 CPUs: 4 total, 4 available
 Memory: 8097M
 Large Page Support: Disabled
 NUMA Support: Disabled
 Compressed Oops: Enabled (32-bit)
 Heap Region Size: 1M
 Heap Min Capacity: 8M
 Heap Initial Capacity: 128M
 Heap Max Capacity: 2G
 Pre-touch: Disabled
 Parallel Workers: 4
 Concurrent Workers: 1
 Concurrent Refinement Workers: 4
 Periodic GC: Disabled
Heap:
 garbage-first heap   total 399360K, used 114452K [0x0000000080000000, 0x0000000100000000)
  region size 1024K, 4 young (4096K), 3 survivors (3072K)
 Metaspace       used 109979K, committed 110912K, reserved 1179648K
  class space    used 15140K, committed 15616K, reserved 1048576K
GC Heap History (20 events):
Event: 7373.665 GC heap before
{Heap before GC invocations=58 (full 0):
 garbage-first heap   total 348160K, used 118994K [0x0000000080000000, 0x0000000100000000)
  region size 1024K, 17 young (17408K), 3 survivors (3072K)
 Metaspace       used 104440K, committed 105216K, reserved 1179648K
  class space    used 14395K, committed 14784K, reserved 1048576K
}
Event: 7373.675 GC heap after
{Heap after GC invocations=59 (full 0):
 garbage-first heap   total 348160K, used 105749K [0x0000000080000000, 0x0000000100000000)
  region size 1024K, 2 young (2048K), 2 survivors (2048K)
 Metaspace       used 104440K, committed 105216K, reserved 1179648K
  class space    used 14395K, committed 14784K, reserved 1048576K
}
Event: 7374.103 GC heap before
{Heap before GC invocations=59 (full 0):
 garbage-first heap   total 348160K, used 121109K [0x0000000080000000, 0x0000000100000000)
  region size 1024K, 17 young (17408K), 2 survivors (2048K)
 Metaspace       used 105577K, committed 106304K, reserved 1179648K
  class space    used 14546K, committed 14912K, reserved 1048576K
}
Event: 7374.110 GC heap after
{Heap after GC invocations=60 (full 0):
 garbage-first heap   total 348160K, used 106744K [0x0000000080000000, 0x0000000100000000)
  region size 1024K, 3 young (3072K), 3 survivors (3072K)
 Metaspace       used 105577K, committed 106304K, reserved 1179648K
  class space    used 14546K, committed 14912K, reserved 1048576K
}
Event: 7374.395 GC heap before
{Heap before GC invocations=60 (full 0):
 garbage-first heap   total 348160K, used 121080K [0x0000000080000000, 0x0000000100000000)
  region size 1024K, 17 young (17408K), 3 survivors (3072K)
 Metaspace       used 106744K, committed 107520K, reserved 1179648K
  class space    used 14671K, committed 15040K, reserved 1048576K
}
Event: 7374.407 GC heap after
{Heap after GC invocations=61 (full 0):
 garbage-first heap   total 348160K, used 108169K [0x0000000080000000, 0x0000000100000000)
  region size 1024K, 3 young (3072K), 3 survivors (3072K)
 Metaspace       used 106744K, committed 107520K, reserved 1179648K
  class space    used 14671K, committed 15040K, reserved 1048576K
}
Event: 7374.783 GC heap before
{Heap before GC invocations=61 (full 0):
 garbage-first heap   total 348160K, used 121481K [0x0000000080000000, 0x0000000100000000)
  region size 1024K, 17 young (17408K), 3 survivors (3072K)
 Metaspace       used 107466K, committed 108224K, reserved 1179648K
  class space    used 14790K, committed 15168K, reserved 1048576K
}
Event: 7374.802 GC heap after
{Heap after GC invocations=62 (full 0):
 garbage-first heap   total 696320K, used 108969K [0x0000000080000000, 0x0000000100000000)
  region size 1024K, 2 young (2048K), 2 survivors (2048K)
 Metaspace       used 107466K, committed 108224K, reserved 1179648K
  class space    used 14790K, committed 15168K, reserved 1048576K
}
Event: 7392.742 GC heap before
{Heap before GC invocations=62 (full 0):
 garbage-first heap   total 696320K, used 140713K [0x0000000080000000, 0x0000000100000000)
  region size 1024K, 34 young (34816K), 2 survivors (2048K)
 Metaspace       used 108291K, committed 109056K, reserved 1179648K
  class space    used 14931K, committed 15296K, reserved 1048576K
}
Event: 7392.747 GC heap after
{Heap after GC invocations=63 (full 0):
 garbage-first heap   total 696320K, used 109593K [0x0000000080000000, 0x0000000100000000)
  region size 1024K, 2 young (2048K), 2 survivors (2048K)
 Metaspace       used 108291K, committed 109056K, reserved 1179648K
  class space    used 14931K, committed 15296K, reserved 1048576K
}
Event: 7393.196 GC heap before
{Heap before GC invocations=64 (full 0):
 garbage-first heap   total 399360K, used 127001K [0x0000000080000000, 0x0000000100000000)
  region size 1024K, 19 young (19456K), 2 survivors (2048K)
 Metaspace       used 108430K, committed 109248K, reserved 1179648K
  class space    used 14947K, committed 15360K, reserved 1048576K
}
Event: 7393.210 GC heap after
{Heap after GC invocations=65 (full 0):
 garbage-first heap   total 399360K, used 112095K [0x0000000080000000, 0x0000000100000000)
  region size 1024K, 3 young (3072K), 3 survivors (3072K)
 Metaspace       used 108430K, committed 109248K, reserved 1179648K
  class space    used 14947K, committed 15360K, reserved 1048576K
}
Event: 7393.522 GC heap before
{Heap before GC invocations=65 (full 0):
 garbage-first heap   total 399360K, used 127455K [0x0000000080000000, 0x0000000100000000)
  region size 1024K, 19 young (19456K), 3 survivors (3072K)
 Metaspace       used 108519K, committed 109312K, reserved 1179648K
  class space    used 14950K, committed 15360K, reserved 1048576K
}
Event: 7393.557 GC heap after
{Heap after GC invocations=66 (full 0):
 garbage-first heap   total 399360K, used 112233K [0x0000000080000000, 0x0000000100000000)
  region size 1024K, 3 young (3072K), 3 survivors (3072K)
 Metaspace       used 108519K, committed 109312K, reserved 1179648K
  class space    used 14950K, committed 15360K, reserved 1048576K
}
Event: 7393.990 GC heap before
{Heap before GC invocations=66 (full 0):
 garbage-first heap   total 399360K, used 135785K [0x0000000080000000, 0x0000000100000000)
  region size 1024K, 26 young (26624K), 3 survivors (3072K)
 Metaspace       used 108685K, committed 109504K, reserved 1179648K
  class space    used 14955K, committed 15360K, reserved 1048576K
}
Event: 7394.003 GC heap after
{Heap after GC invocations=67 (full 0):
 garbage-first heap   total 399360K, used 116360K [0x0000000080000000, 0x0000000100000000)
  region size 1024K, 4 young (4096K), 4 survivors (4096K)
 Metaspace       used 108685K, committed 109504K, reserved 1179648K
  class space    used 14955K, committed 15360K, reserved 1048576K
}
Event: 7394.508 GC heap before
{Heap before GC invocations=68 (full 0):
 garbage-first heap   total 399360K, used 130696K [0x0000000080000000, 0x0000000100000000)
  region size 1024K, 19 young (19456K), 4 survivors (4096K)
 Metaspace       used 108792K, committed 109632K, reserved 1179648K
  class space    used 14957K, committed 15360K, reserved 1048576K
}
Event: 7394.518 GC heap after
{Heap after GC invocations=69 (full 0):
 garbage-first heap   total 399360K, used 117882K [0x0000000080000000, 0x0000000100000000)
  region size 1024K, 2 young (2048K), 2 survivors (2048K)
 Metaspace       used 108792K, committed 109632K, reserved 1179648K
  class space    used 14957K, committed 15360K, reserved 1048576K
}
Event: 7396.393 GC heap before
{Heap before GC invocations=69 (full 0):
 garbage-first heap   total 399360K, used 134266K [0x0000000080000000, 0x0000000100000000)
  region size 1024K, 19 young (19456K), 2 survivors (2048K)
 Metaspace       used 109936K, committed 110848K, reserved 1179648K
  class space    used 15131K, committed 15616K, reserved 1048576K
}
Event: 7396.406 GC heap after
{Heap after GC invocations=70 (full 0):
 garbage-first heap   total 399360K, used 114452K [0x0000000080000000, 0x0000000100000000)
  region size 1024K, 3 young (3072K), 3 survivors (3072K)
 Metaspace       used 109936K, committed 110848K, reserved 1179648K
  class space    used 15131K, committed 15616K, reserved 1048576K
}

