# JRE version: OpenJDK Runtime Environment (17.0.10) (build 17.0.10+0--11609105)
# Java VM: OpenJDK 64-Bit Server VM (17.0.10+0--11609105, mixed mode, tiered, compressed oops, compressed class ptrs, g1 gc, windows-amd64)
GC Precious Log:
 CPUs: 4 total, 4 available
 Memory: 8097M
 Large Page Support: Disabled
 NUMA Support: Disabled
 Compressed Oops: Enabled (32-bit)
 Heap Region Size: 1M
 Heap Min Capacity: 8M
 Heap Initial Capacity: 128M
 Heap Max Capacity: 2026M
 Pre-touch: Disabled
 Parallel Workers: 4
 Concurrent Workers: 1
 Concurrent Refinement Workers: 4
 Periodic GC: Disabled
Heap:
 garbage-first heap   total 231424K, used 107259K [0x0000000081600000, 0x0000000100000000)
  region size 1024K, 47 young (48128K), 1 survivors (1024K)
 Metaspace       used 80771K, committed 81152K, reserved 1179648K
  class space    used 9074K, committed 9280K, reserved 1048576K
GC Heap History (20 events):
Event: 6.372 GC heap before
{Heap before GC invocations=13 (full 0):
 garbage-first heap   total 96256K, used 73515K [0x0000000081600000, 0x0000000100000000)
  region size 1024K, 48 young (49152K), 3 survivors (3072K)
 Metaspace       used 52613K, committed 52864K, reserved 1114112K
  class space    used 6279K, committed 6400K, reserved 1048576K
}
Event: 6.399 GC heap after
{Heap after GC invocations=14 (full 0):
 garbage-first heap   total 96256K, used 36097K [0x0000000081600000, 0x0000000100000000)
  region size 1024K, 6 young (6144K), 6 survivors (6144K)
 Metaspace       used 52613K, committed 52864K, reserved 1114112K
  class space    used 6279K, committed 6400K, reserved 1048576K
}
Event: 7.033 GC heap before
{Heap before GC invocations=14 (full 0):
 garbage-first heap   total 96256K, used 67841K [0x0000000081600000, 0x0000000100000000)
  region size 1024K, 37 young (37888K), 6 survivors (6144K)
 Metaspace       used 53647K, committed 53888K, reserved 1114112K
  class space    used 6364K, committed 6464K, reserved 1048576K
}
Event: 7.057 GC heap after
{Heap after GC invocations=15 (full 0):
 garbage-first heap   total 96256K, used 40346K [0x0000000081600000, 0x0000000100000000)
  region size 1024K, 4 young (4096K), 4 survivors (4096K)
 Metaspace       used 53647K, committed 53888K, reserved 1114112K
  class space    used 6364K, committed 6464K, reserved 1048576K
}
Event: 7.816 GC heap before
{Heap before GC invocations=15 (full 0):
 garbage-first heap   total 96256K, used 71066K [0x0000000081600000, 0x0000000100000000)
  region size 1024K, 34 young (34816K), 4 survivors (4096K)
 Metaspace       used 55001K, committed 55232K, reserved 1114112K
  class space    used 6499K, committed 6592K, reserved 1048576K
}
Event: 7.837 GC heap after
{Heap after GC invocations=16 (full 0):
 garbage-first heap   total 96256K, used 45298K [0x0000000081600000, 0x0000000100000000)
  region size 1024K, 5 young (5120K), 5 survivors (5120K)
 Metaspace       used 55001K, committed 55232K, reserved 1114112K
  class space    used 6499K, committed 6592K, reserved 1048576K
}
Event: 8.620 GC heap before
{Heap before GC invocations=16 (full 0):
 garbage-first heap   total 96256K, used 72946K [0x0000000081600000, 0x0000000100000000)
  region size 1024K, 32 young (32768K), 5 survivors (5120K)
 Metaspace       used 56426K, committed 56640K, reserved 1114112K
  class space    used 6630K, committed 6720K, reserved 1048576K
}
Event: 8.640 GC heap after
{Heap after GC invocations=17 (full 0):
 garbage-first heap   total 115712K, used 48909K [0x0000000081600000, 0x0000000100000000)
  region size 1024K, 4 young (4096K), 4 survivors (4096K)
 Metaspace       used 56426K, committed 56640K, reserved 1114112K
  class space    used 6630K, committed 6720K, reserved 1048576K
}
Event: 9.238 GC heap before
{Heap before GC invocations=17 (full 0):
 garbage-first heap   total 115712K, used 69389K [0x0000000081600000, 0x0000000100000000)
  region size 1024K, 25 young (25600K), 4 survivors (4096K)
 Metaspace       used 60167K, committed 60416K, reserved 1114112K
  class space    used 7037K, committed 7168K, reserved 1048576K
}
Event: 9.252 GC heap after
{Heap after GC invocations=18 (full 0):
 garbage-first heap   total 115712K, used 50967K [0x0000000081600000, 0x0000000100000000)
  region size 1024K, 2 young (2048K), 2 survivors (2048K)
 Metaspace       used 60167K, committed 60416K, reserved 1114112K
  class space    used 7037K, committed 7168K, reserved 1048576K
}
Event: 10.889 GC heap before
{Heap before GC invocations=19 (full 0):
 garbage-first heap   total 115712K, used 87831K [0x0000000081600000, 0x0000000100000000)
  region size 1024K, 39 young (39936K), 2 survivors (2048K)
 Metaspace       used 65561K, committed 65856K, reserved 1114112K
  class space    used 7631K, committed 7808K, reserved 1048576K
}
Event: 10.908 GC heap after
{Heap after GC invocations=20 (full 0):
 garbage-first heap   total 115712K, used 54272K [0x0000000081600000, 0x0000000100000000)
  region size 1024K, 5 young (5120K), 5 survivors (5120K)
 Metaspace       used 65561K, committed 65856K, reserved 1114112K
  class space    used 7631K, committed 7808K, reserved 1048576K
}
Event: 10.938 GC heap before
{Heap before GC invocations=20 (full 0):
 garbage-first heap   total 115712K, used 55296K [0x0000000081600000, 0x0000000100000000)
  region size 1024K, 6 young (6144K), 5 survivors (5120K)
 Metaspace       used 65569K, committed 65856K, reserved 1114112K
  class space    used 7631K, committed 7808K, reserved 1048576K
}
Event: 10.953 GC heap after
{Heap after GC invocations=21 (full 0):
 garbage-first heap   total 115712K, used 54448K [0x0000000081600000, 0x0000000100000000)
  region size 1024K, 1 young (1024K), 1 survivors (1024K)
 Metaspace       used 65569K, committed 65856K, reserved 1114112K
  class space    used 7631K, committed 7808K, reserved 1048576K
}
Event: 12.194 GC heap before
{Heap before GC invocations=21 (full 0):
 garbage-first heap   total 115712K, used 89264K [0x0000000081600000, 0x0000000100000000)
  region size 1024K, 35 young (35840K), 1 survivors (1024K)
 Metaspace       used 68947K, committed 69312K, reserved 1114112K
  class space    used 8026K, committed 8192K, reserved 1048576K
}
Event: 12.211 GC heap after
{Heap after GC invocations=22 (full 0):
 garbage-first heap   total 115712K, used 59392K [0x0000000081600000, 0x0000000100000000)
  region size 1024K, 5 young (5120K), 5 survivors (5120K)
 Metaspace       used 68947K, committed 69312K, reserved 1114112K
  class space    used 8026K, committed 8192K, reserved 1048576K
}
Event: 13.194 GC heap before
{Heap before GC invocations=23 (full 0):
 garbage-first heap   total 115712K, used 91136K [0x0000000081600000, 0x0000000100000000)
  region size 1024K, 36 young (36864K), 5 survivors (5120K)
 Metaspace       used 74928K, committed 75264K, reserved 1179648K
  class space    used 8647K, committed 8832K, reserved 1048576K
}
Event: 13.215 GC heap after
{Heap after GC invocations=24 (full 0):
 garbage-first heap   total 115712K, used 63350K [0x0000000081600000, 0x0000000100000000)
  region size 1024K, 4 young (4096K), 4 survivors (4096K)
 Metaspace       used 74928K, committed 75264K, reserved 1179648K
  class space    used 8647K, committed 8832K, reserved 1048576K
}
Event: 13.236 GC heap before
{Heap before GC invocations=24 (full 0):
 garbage-first heap   total 115712K, used 64374K [0x0000000081600000, 0x0000000100000000)
  region size 1024K, 5 young (5120K), 4 survivors (4096K)
 Metaspace       used 74932K, committed 75264K, reserved 1179648K
  class space    used 8647K, committed 8832K, reserved 1048576K
}
Event: 13.253 GC heap after
{Heap after GC invocations=25 (full 0):
 garbage-first heap   total 231424K, used 62203K [0x0000000081600000, 0x0000000100000000)
  region size 1024K, 1 young (1024K), 1 survivors (1024K)
 Metaspace       used 74932K, committed 75264K, reserved 1179648K
  class space    used 8647K, committed 8832K, reserved 1048576K
}

